<?xml version="1.0" encoding="UTF-8"?>
<!-- Generated by org.testng.reporters.JUnitReportReporter -->
<testsuite hostname="Administrator" failures="0" tests="1" name="tests.LoginTest" time="2.716" errors="0" timestamp="2024-06-08T19:37:21 ICT" skipped="0">
  <testcase classname="tests.LoginTest" name="LoginSuccessfully" time="2.716"/>
  <system-out/>
</testsuite> <!-- tests.LoginTest -->
